[01:20:26] [MultiThread-Worker-9/INFO]: TheAPI: *********************************************
[01:20:26] [MultiThread-Worker-9/INFO]: TheAPI: Update checker: Found new version of TheAPI.
[01:20:26] [MultiThread-Worker-9/INFO]: TheAPI:        https://www.spigotmc.org/resources/72679/
[01:20:26] [MultiThread-Worker-9/INFO]: TheAPI: *********************************************
[03:20:29] [MultiThread-Worker-9/INFO]: TheAPI: *********************************************
[03:20:29] [MultiThread-Worker-9/INFO]: TheAPI: Update checker: Found new version of TheAPI.
[03:20:29] [MultiThread-Worker-9/INFO]: TheAPI:        https://www.spigotmc.org/resources/72679/
[03:20:29] [MultiThread-Worker-9/INFO]: TheAPI: *********************************************
[04:20:40] [Craft Scheduler Thread - 648/INFO]: [PvPManager] Checking for updates...
[04:20:42] [Craft Scheduler Thread - 648/INFO]: [PvPManager] No update found
[05:20:31] [MultiThread-Worker-9/INFO]: TheAPI: *********************************************
[05:20:31] [MultiThread-Worker-9/INFO]: TheAPI: Update checker: Found new version of TheAPI.
[05:20:31] [MultiThread-Worker-9/INFO]: TheAPI:        https://www.spigotmc.org/resources/72679/
[05:20:31] [MultiThread-Worker-9/INFO]: TheAPI: *********************************************
[05:20:40] [Craft Scheduler Thread - 770/INFO]: [Vault] Checking for Updates ... 
[05:20:42] [Craft Scheduler Thread - 770/INFO]: [Vault] No new version available
[07:20:32] [MultiThread-Worker-9/INFO]: TheAPI: *********************************************
[07:20:32] [MultiThread-Worker-9/INFO]: TheAPI: Update checker: Found new version of TheAPI.
[07:20:32] [MultiThread-Worker-9/INFO]: TheAPI:        https://www.spigotmc.org/resources/72679/
[07:20:32] [MultiThread-Worker-9/INFO]: TheAPI: *********************************************
[07:53:38] [Server thread/INFO]: com.mojang.authlib.GameProfile@441cb571[id=<null>,name=ODS-IM,properties={},legacy=false] (/127.0.0.1:61110) lost connection: Disconnected
